[debug] [2024-10-29T20:29:30.527Z] ----------------------------------------------------------------------
[debug] [2024-10-29T20:29:30.529Z] Command:       C:\Program Files\nodejs\node.exe C:\Users\ERAY\AppData\Roaming\npm\node_modules\firebase-tools\lib\bin\firebase.js init
[debug] [2024-10-29T20:29:30.530Z] CLI Version:   13.23.0
[debug] [2024-10-29T20:29:30.530Z] Platform:      win32
[debug] [2024-10-29T20:29:30.530Z] Node Version:  v20.15.1
[debug] [2024-10-29T20:29:30.530Z] Time:          Tue Oct 29 2024 23:29:30 GMT+0300 (GMT+03:00)
[debug] [2024-10-29T20:29:30.530Z] ----------------------------------------------------------------------
[debug] 
[debug] [2024-10-29T20:29:30.536Z] > command requires scopes: ["email","openid","https://www.googleapis.com/auth/cloudplatformprojects.readonly","https://www.googleapis.com/auth/firebase","https://www.googleapis.com/auth/cloud-platform"]
[debug] [2024-10-29T20:29:30.536Z] > authorizing via signed-in user (eraydemir5225@gmail.com)
[info] 
     ######## #### ########  ######## ########     ###     ######  ########
     ##        ##  ##     ## ##       ##     ##  ##   ##  ##       ##
     ######    ##  ########  ######   ########  #########  ######  ######
     ##        ##  ##    ##  ##       ##     ## ##     ##       ## ##
     ##       #### ##     ## ######## ########  ##     ##  ######  ########

You're about to initialize a Firebase project in this directory:

  C:\Users\ERAY\Desktop\EnglishQuiz\quizenglish

[info] 
=== Project Setup
[info] 
[info] First, let's associate this project directory with a Firebase project.
[info] You can create multiple project aliases by running firebase use --add, 
[info] but for now we'll just set up a default project.
[info] 
[debug] [2024-10-29T20:32:32.691Z] Checked if tokens are valid: true, expires at: 1730237250487
[debug] [2024-10-29T20:32:32.692Z] Checked if tokens are valid: true, expires at: 1730237250487
[debug] [2024-10-29T20:32:32.693Z] >>> [apiv2][query] GET https://firebase.googleapis.com/v1beta1/projects pageSize=100
[debug] [2024-10-29T20:32:33.556Z] <<< [apiv2][status] GET https://firebase.googleapis.com/v1beta1/projects 200
[debug] [2024-10-29T20:32:33.556Z] <<< [apiv2][body] GET https://firebase.googleapis.com/v1beta1/projects [omitted]
[info] i  Using project englishquiz-5c905 (EnglishQuiz) 
[info] 
=== Hosting Setup
[debug] [2024-10-29T20:32:49.393Z] Checked if tokens are valid: true, expires at: 1730237250487
[debug] [2024-10-29T20:32:49.393Z] Checked if tokens are valid: true, expires at: 1730237250487
[debug] [2024-10-29T20:32:49.393Z] >>> [apiv2][query] GET https://firebase.googleapis.com/v1beta1/projects/englishquiz-5c905 [none]
[debug] [2024-10-29T20:32:49.988Z] <<< [apiv2][status] GET https://firebase.googleapis.com/v1beta1/projects/englishquiz-5c905 200
[debug] [2024-10-29T20:32:49.989Z] <<< [apiv2][body] GET https://firebase.googleapis.com/v1beta1/projects/englishquiz-5c905 {"projectId":"englishquiz-5c905","projectNumber":"842604371794","displayName":"EnglishQuiz","name":"projects/englishquiz-5c905","resources":{"hostingSite":"englishquiz-5c905","realtimeDatabaseInstance":"englishquiz-5c905-default-rtdb"},"state":"ACTIVE","etag":"1_5ec60f9d-0e7e-4c0d-8bcd-3cc86057ac06"}
[info] 
[info] Your public directory is the folder (relative to your project directory) that
[info] will contain Hosting assets to be uploaded with firebase deploy. If you
[info] have a build process for your assets, use your build's output directory.
[info] 
